# JRE version: Java(TM) SE Runtime Environment (8.0_25-b18) (build 1.8.0_25-b18)
# Java VM: Java HotSpot(TM) 64-Bit Server VM (25.25-b02 mixed mode windows-amd64 compressed oops)
Heap:
 PSYoungGen      total 198656K, used 69117K [0x00000000eab00000, 0x00000000fb580000, 0x0000000100000000)
  eden space 181248K, 28% used [0x00000000eab00000,0x00000000edd7fa60,0x00000000f5c00000)
  from space 17408K, 99% used [0x00000000f5c00000,0x00000000f6cffaf8,0x00000000f6d00000)
  to   space 20480K, 0% used [0x00000000fa180000,0x00000000fa180000,0x00000000fb580000)
 ParOldGen       total 94720K, used 24689K [0x00000000c0000000, 0x00000000c5c80000, 0x00000000eab00000)
  object space 94720K, 26% used [0x00000000c0000000,0x00000000c181c4c0,0x00000000c5c80000)
 Metaspace       used 40251K, capacity 41708K, committed 41984K, reserved 1085440K
  class space    used 5665K, capacity 6305K, committed 6400K, reserved 1048576K
GC Heap History (10 events):
Event: 6.172 GC heap before
{Heap before GC invocations=7 (full 1):
 PSYoungGen      total 71680K, used 66560K [0x00000000eab00000, 0x00000000f4200000, 0x0000000100000000)
  eden space 66560K, 100% used [0x00000000eab00000,0x00000000eec00000,0x00000000eec00000)
  from space 5120K, 0% used [0x00000000eec00000,0x00000000eec00000,0x00000000ef100000)
  to   space 10752K, 0% used [0x00000000f3780000,0x00000000f3780000,0x00000000f4200000)
 ParOldGen       total 56320K, used 8688K [0x00000000c0000000, 0x00000000c3700000, 0x00000000eab00000)
  object space 56320K, 15% used [0x00000000c0000000,0x00000000c087c330,0x00000000c3700000)
 Metaspace       used 25659K, capacity 26234K, committed 26496K, reserved 1073152K
  class space    used 3468K, capacity 3658K, committed 3712K, reserved 1048576K
Event: 6.178 GC heap after
Heap after GC invocations=7 (full 1):
 PSYoungGen      total 119296K, used 6849K [0x00000000eab00000, 0x00000000f3e80000, 0x0000000100000000)
  eden space 112128K, 0% used [0x00000000eab00000,0x00000000eab00000,0x00000000f1880000)
  from space 7168K, 95% used [0x00000000f3780000,0x00000000f3e307f8,0x00000000f3e80000)
  to   space 10240K, 0% used [0x00000000f2a80000,0x00000000f2a80000,0x00000000f3480000)
 ParOldGen       total 56320K, used 8696K [0x00000000c0000000, 0x00000000c3700000, 0x00000000eab00000)
  object space 56320K, 15% used [0x00000000c0000000,0x00000000c087e330,0x00000000c3700000)
 Metaspace       used 25659K, capacity 26234K, committed 26496K, reserved 1073152K
  class space    used 3468K, capacity 3658K, committed 3712K, reserved 1048576K
}
Event: 8.353 GC heap before
{Heap before GC invocations=8 (full 1):
 PSYoungGen      total 119296K, used 118977K [0x00000000eab00000, 0x00000000f3e80000, 0x0000000100000000)
  eden space 112128K, 100% used [0x00000000eab00000,0x00000000f1880000,0x00000000f1880000)
  from space 7168K, 95% used [0x00000000f3780000,0x00000000f3e307f8,0x00000000f3e80000)
  to   space 10240K, 0% used [0x00000000f2a80000,0x00000000f2a80000,0x00000000f3480000)
 ParOldGen       total 56320K, used 8696K [0x00000000c0000000, 0x00000000c3700000, 0x00000000eab00000)
  object space 56320K, 15% used [0x00000000c0000000,0x00000000c087e330,0x00000000c3700000)
 Metaspace       used 33179K, capacity 34046K, committed 34176K, reserved 1079296K
  class space    used 4568K, capacity 4910K, committed 4992K, reserved 1048576K
Event: 8.368 GC heap after
Heap after GC invocations=8 (full 1):
 PSYoungGen      total 140800K, used 10228K [0x00000000eab00000, 0x00000000f7b80000, 0x0000000100000000)
  eden space 130560K, 0% used [0x00000000eab00000,0x00000000eab00000,0x00000000f2a80000)
  from space 10240K, 99% used [0x00000000f2a80000,0x00000000f347d030,0x00000000f3480000)
  to   space 14848K, 0% used [0x00000000f6d00000,0x00000000f6d00000,0x00000000f7b80000)
 ParOldGen       total 56320K, used 15586K [0x00000000c0000000, 0x00000000c3700000, 0x00000000eab00000)
  object space 56320K, 27% used [0x00000000c0000000,0x00000000c0f38b18,0x00000000c3700000)
 Metaspace       used 33179K, capacity 34046K, committed 34176K, reserved 1079296K
  class space    used 4568K, capacity 4910K, committed 4992K, reserved 1048576K
}
Event: 11.579 GC heap before
{Heap before GC invocations=9 (full 1):
 PSYoungGen      total 140800K, used 53105K [0x00000000eab00000, 0x00000000f7b80000, 0x0000000100000000)
  eden space 130560K, 32% used [0x00000000eab00000,0x00000000ed4df3e8,0x00000000f2a80000)
  from space 10240K, 99% used [0x00000000f2a80000,0x00000000f347d030,0x00000000f3480000)
  to   space 14848K, 0% used [0x00000000f6d00000,0x00000000f6d00000,0x00000000f7b80000)
 ParOldGen       total 56320K, used 15586K [0x00000000c0000000, 0x00000000c3700000, 0x00000000eab00000)
  object space 56320K, 27% used [0x00000000c0000000,0x00000000c0f38b18,0x00000000c3700000)
 Metaspace       used 34418K, capacity 35286K, committed 35456K, reserved 1079296K
  class space    used 4755K, capacity 5130K, committed 5248K, reserved 1048576K
Event: 11.591 GC heap after
Heap after GC invocations=9 (full 1):
 PSYoungGen      total 196096K, used 14822K [0x00000000eab00000, 0x00000000f9780000, 0x0000000100000000)
  eden space 181248K, 0% used [0x00000000eab00000,0x00000000eab00000,0x00000000f5c00000)
  from space 14848K, 99% used [0x00000000f6d00000,0x00000000f7b79988,0x00000000f7b80000)
  to   space 17408K, 0% used [0x00000000f5c00000,0x00000000f5c00000,0x00000000f6d00000)
 ParOldGen       total 56320K, used 16513K [0x00000000c0000000, 0x00000000c3700000, 0x00000000eab00000)
  object space 56320K, 29% used [0x00000000c0000000,0x00000000c1020418,0x00000000c3700000)
 Metaspace       used 34418K, capacity 35286K, committed 35456K, reserved 1079296K
  class space    used 4755K, capacity 5130K, committed 5248K, reserved 1048576K
}
Event: 11.592 GC heap before
{Heap before GC invocations=10 (full 2):
 PSYoungGen      total 196096K, used 14822K [0x00000000eab00000, 0x00000000f9780000, 0x0000000100000000)
  eden space 181248K, 0% used [0x00000000eab00000,0x00000000eab00000,0x00000000f5c00000)
  from space 14848K, 99% used [0x00000000f6d00000,0x00000000f7b79988,0x00000000f7b80000)
  to   space 17408K, 0% used [0x00000000f5c00000,0x00000000f5c00000,0x00000000f6d00000)
 ParOldGen       total 56320K, used 16513K [0x00000000c0000000, 0x00000000c3700000, 0x00000000eab00000)
  object space 56320K, 29% used [0x00000000c0000000,0x00000000c1020418,0x00000000c3700000)
 Metaspace       used 34418K, capacity 35286K, committed 35456K, reserved 1079296K
  class space    used 4755K, capacity 5130K, committed 5248K, reserved 1048576K
Event: 11.733 GC heap after
Heap after GC invocations=10 (full 2):
 PSYoungGen      total 196096K, used 0K [0x00000000eab00000, 0x00000000f9780000, 0x0000000100000000)
  eden space 181248K, 0% used [0x00000000eab00000,0x00000000eab00000,0x00000000f5c00000)
  from space 14848K, 0% used [0x00000000f6d00000,0x00000000f6d00000,0x00000000f7b80000)
  to   space 17408K, 0% used [0x00000000f5c00000,0x00000000f5c00000,0x00000000f6d00000)
 ParOldGen       total 94720K, used 23662K [0x00000000c0000000, 0x00000000c5c80000, 0x00000000eab00000)
  object space 94720K, 24% used [0x00000000c0000000,0x00000000c171ba38,0x00000000c5c80000)
 Metaspace       used 34418K, capacity 35286K, committed 35456K, reserved 1079296K
  class space    used 4755K, capacity 5130K, committed 5248K, reserved 1048576K
}
Event: 14.748 GC heap before
{Heap before GC invocations=11 (full 2):
 PSYoungGen      total 196096K, used 181248K [0x00000000eab00000, 0x00000000f9780000, 0x0000000100000000)
  eden space 181248K, 100% used [0x00000000eab00000,0x00000000f5c00000,0x00000000f5c00000)
  from space 14848K, 0% used [0x00000000f6d00000,0x00000000f6d00000,0x00000000f7b80000)
  to   space 17408K, 0% used [0x00000000f5c00000,0x00000000f5c00000,0x00000000f6d00000)
 ParOldGen       total 94720K, used 23662K [0x00000000c0000000, 0x00000000c5c80000, 0x00000000eab00000)
  object space 94720K, 24% used [0x00000000c0000000,0x00000000c171ba38,0x00000000c5c80000)
 Metaspace       used 39797K, capacity 40954K, committed 41088K, reserved 1085440K
  class space    used 5550K, capacity 6008K, committed 6016K, reserved 1048576K
Event: 14.767 GC heap after
Heap after GC invocations=11 (full 2):
 PSYoungGen      total 198656K, used 17406K [0x00000000eab00000, 0x00000000fb580000, 0x0000000100000000)
  eden space 181248K, 0% used [0x00000000eab00000,0x00000000eab00000,0x00000000f5c00000)
  from space 17408K, 99% used [0x00000000f5c00000,0x00000000f6cffaf8,0x00000000f6d00000)
  to   space 20480K, 0% used [0x00000000fa180000,0x00000000fa180000,0x00000000fb580000)
 ParOldGen       total 94720K, used 24689K [0x00000000c0000000, 0x00000000c5c80000, 0x00000000eab00000)
  object space 94720K, 26% used [0x00000000c0000000,0x00000000c181c4c0,0x00000000c5c80000)
 Metaspace       used 39797K, capacity 40954K, committed 41088K, reserved 1085440K
  class space    used 5550K, capacity 6008K, committed 6016K, reserved 1048576K
}

